{"logTime": "0703/042433", "correlationVector":"5A5GAoKTFTV8SnffUKfqrE.1","action":"SyncServerConnectionManagerRequest", "result":"SYNC_SERVER_OK", "context":{"environment":"Prod_southindia_prod-s01-004-apac-southindia", "migrationStage":"NotStarted", "server":"akswtt10600000t"}}
{"logTime": "0703/042433", "correlationVector":"5A5GAoKTFTV8SnffUKfqrE.2","action":"ProcessGetUpdates", "result":"Done", "context":{"dataType":"Encryption Keys", "deleted":"0", "process_failed_to_decrypt":"0", "process_pending_decryption":"0", "process_success":"1", "total":"1"}}
{"logTime": "0703/042435", "correlationVector":"2DIuMrDrFTk9avuxl9dIqz","action":"SyncServerConnectionManagerRequest", "result":"SYNC_SERVER_OK", "context":{"environment":"", "migrationStage":"", "server":""}}
{"logTime": "0703/042435", "correlationVector":"2DIuMrDrFTk9avuxl9dIqz.0","action":"EncryptionKeysFetcher.DownloadKeys:", "result":"Success", "context":Key count: 2, Last key timestamp: 2026-04-12T10:52:20Z}
{"logTime": "0703/042435", "correlationVector":"2DIuMrDrFTk9avuxl9dIqz.1","action":"EncryptionKeysManager::SetEncryptionKeys:", "result":"Success", "context":Key names[2]:[a/5Qb4Ditq/qYH4Oa1EFPpifXv4YSn4mmnbjCjtPmn2Kch5uyUh79nxWFoKzVDhvPk3hxM7qobn+Lf0Dkb5kmA==][xYeym5jIZcJDxmfvAxQ3gL2rz3EG4767NFlYAbG5hOE1N9na4i92/G55RCKxS18tpV/AI+k7Nt7p2XQj/lY1Iw==]}
{"logTime": "0703/042435", "correlationVector":"2DIuMrDrFTk9avuxl9dIqz.2","action":"EncryptionKeysManager::SetEncryptionKeysWithTimestamps:", "result":"Success", "context":Key timestamps[2]:[2026-01-04T03:05:11Z][2026-04-12T10:52:20Z]}
{"logTime": "0703/042435", "correlationVector":"5A5GAoKTFTV8SnffUKfqrE","action":"Initial GetUpdates", "result":"", "context":Reason: NEW_CLIENT. cV=5A5GAoKTFTV8SnffUKfqrE}
{"logTime": "0703/042435", "correlationVector":"5A5GAoKTFTV8SnffUKfqrE.3","action":"GetUpdates Response", "result":"Success", "context":Received 1 update(s). cV=5A5GAoKTFTV8SnffUKfqrE.0;server=akswtt10600000t;cloudType=Consumer;environment=Prod_southindia_prod-s01-004-apac-southindia;migrationStage=NotStarted}
{"logTime": "0703/042435", "correlationVector":"aM4bTaE3H222S8blUxK7YZ","action":"Initial GetUpdates", "result":"", "context":Reason: NEWLY_SUPPORTED_DATATYPE. cV=aM4bTaE3H222S8blUxK7YZ}
{"logTime": "0703/042435", "correlationVector":"aM4bTaE3H222S8blUxK7YZ.1","action":"SyncServerConnectionManagerRequest", "result":"SYNC_SERVER_OK", "context":{"environment":"Prod_southindia_prod-s01-004-apac-southindia", "migrationStage":"NotStarted", "server":"akswtt10600000g"}}
{"logTime": "0703/042435", "correlationVector":"aM4bTaE3H222S8blUxK7YZ.2","action":"ProcessGetUpdates", "result":"Done", "context":{"dataType":"Preferences", "deleted":"0", "process_failed_to_decrypt":"0", "process_pending_decryption":"0", "process_success":"41", "total":"41"}}
{"logTime": "0703/042435", "correlationVector":"aM4bTaE3H222S8blUxK7YZ.3","action":"ProcessGetUpdates", "result":"Done", "context":{"dataType":"Device Info", "deleted":"0", "process_failed_to_decrypt":"0", "process_pending_decryption":"0", "process_success":"18", "total":"18"}}
{"logTime": "0703/042435", "correlationVector":"aM4bTaE3H222S8blUxK7YZ.4","action":"GetUpdates Response", "result":"Success", "context":Received 59 update(s). cV=aM4bTaE3H222S8blUxK7YZ.0;server=akswtt10600000g;cloudType=Consumer;environment=Prod_southindia_prod-s01-004-apac-southindia;migrationStage=NotStarted}
{"logTime": "0703/042435", "correlationVector":"NAWmlYtNh5KExdAuhAsbeD","action":"Initial GetUpdates", "result":"", "context":Reason: NEWLY_SUPPORTED_DATATYPE. cV=NAWmlYtNh5KExdAuhAsbeD}
{"logTime": "0703/042436", "correlationVector":"NAWmlYtNh5KExdAuhAsbeD.1","action":"SyncServerConnectionManagerRequest", "result":"SYNC_SERVER_OK", "context":{"environment":"Prod_southindia_prod-s01-004-apac-southindia", "migrationStage":"NotStarted", "server":"akswtt10600000e"}}
{"logTime": "0703/042436", "correlationVector":"NAWmlYtNh5KExdAuhAsbeD.2","action":"ProcessGetUpdates", "result":"Done", "context":{"dataType":"Bookmarks", "deleted":"1", "process_failed_to_decrypt":"0", "process_pending_decryption":"0", "process_success":"7", "total":"7"}}
{"logTime": "0703/042436", "correlationVector":"NAWmlYtNh5KExdAuhAsbeD.3","action":"GetUpdates Response", "result":"Success", "context":Received 7 update(s). cV=NAWmlYtNh5KExdAuhAsbeD.0;server=akswtt10600000e;cloudType=Consumer;environment=Prod_southindia_prod-s01-004-apac-southindia;migrationStage=NotStarted}
{"logTime": "0703/042436", "correlationVector":"aG2sPmEK0Eoocth3fGNltq","action":"Initial GetUpdates", "result":"", "context":Reason: NEWLY_SUPPORTED_DATATYPE. cV=aG2sPmEK0Eoocth3fGNltq}
{"logTime": "0703/042437", "correlationVector":"aG2sPmEK0Eoocth3fGNltq.1","action":"SyncServerConnectionManagerRequest", "result":"SYNC_SERVER_OK", "context":{"environment":"Prod_southindia_prod-s01-004-apac-southindia", "migrationStage":"NotStarted", "server":"akswtt10600001i"}}
{"logTime": "0703/042437", "correlationVector":"aG2sPmEK0Eoocth3fGNltq.2","action":"ProcessGetUpdates", "result":"Done", "context":{"dataType":"Autofill", "deleted":"0", "process_failed_to_decrypt":"0", "process_pending_decryption":"0", "process_success":"29", "total":"29"}}
{"logTime": "0703/042437", "correlationVector":"aG2sPmEK0Eoocth3fGNltq.3","action":"ProcessGetUpdates", "result":"Done", "context":{"dataType":"Sessions", "deleted":"182", "process_failed_to_decrypt":"0", "process_pending_decryption":"0", "process_success":"182", "total":"182"}}
{"logTime": "0703/042437", "correlationVector":"aG2sPmEK0Eoocth3fGNltq.4","action":"ProcessGetUpdates", "result":"Done", "context":{"dataType":"Edge Hub App Usage", "deleted":"10", "process_failed_to_decrypt":"0", "process_pending_decryption":"0", "process_success":"39", "total":"39"}}
{"logTime": "0703/042437", "correlationVector":"aG2sPmEK0Eoocth3fGNltq.5","action":"GetUpdates Response", "result":"Success", "context":Received 250 update(s). cV=aG2sPmEK0Eoocth3fGNltq.0;server=akswtt10600001i;cloudType=Consumer;environment=Prod_southindia_prod-s01-004-apac-southindia;migrationStage=NotStarted Some updates remain.}
{"logTime": "0703/042437", "correlationVector":"W5C4hEUWHnZIWIKaWnhnDM","action":"Initial GetUpdates", "result":"", "context":Reason: NEWLY_SUPPORTED_DATATYPE. cV=W5C4hEUWHnZIWIKaWnhnDM}
{"logTime": "0703/042439", "correlationVector":"W5C4hEUWHnZIWIKaWnhnDM.1","action":"SyncServerConnectionManagerRequest", "result":"SYNC_SERVER_OK", "context":{"environment":"Prod_southindia_prod-s01-004-apac-southindia", "migrationStage":"NotStarted", "server":"akswtt10600001d"}}
{"logTime": "0703/042439", "correlationVector":"W5C4hEUWHnZIWIKaWnhnDM.2","action":"ProcessGetUpdates", "result":"Done", "context":{"dataType":"Autofill Profiles", "deleted":"0", "process_failed_to_decrypt":"0", "process_pending_decryption":"0", "process_success":"2", "total":"2"}}
{"logTime": "0703/042439", "correlationVector":"W5C4hEUWHnZIWIKaWnhnDM.3","action":"ProcessGetUpdates", "result":"Done", "context":{"dataType":"Autofill", "deleted":"0", "process_failed_to_decrypt":"0", "process_pending_decryption":"0", "process_success":"20", "total":"20"}}
{"logTime": "0703/042439", "correlationVector":"W5C4hEUWHnZIWIKaWnhnDM.4","action":"ProcessGetUpdates", "result":"Done", "context":{"dataType":"Sessions", "deleted":"131", "process_failed_to_decrypt":"0", "process_pending_decryption":"0", "process_success":"176", "total":"176"}}
{"logTime": "0703/042439", "correlationVector":"W5C4hEUWHnZIWIKaWnhnDM.5","action":"ProcessGetUpdates", "result":"Done", "context":{"dataType":"Edge Hub App Usage", "deleted":"8", "process_failed_to_decrypt":"0", "process_pending_decryption":"0", "process_success":"15", "total":"15"}}
{"logTime": "0703/042439", "correlationVector":"W5C4hEUWHnZIWIKaWnhnDM.6","action":"GetUpdates Response", "result":"Success", "context":Received 213 update(s). cV=W5C4hEUWHnZIWIKaWnhnDM.0;server=akswtt10600001d;cloudType=Consumer;environment=Prod_southindia_prod-s01-004-apac-southindia;migrationStage=NotStarted}
{"logTime": "0703/042439", "correlationVector":"Cg3bSmSZzdqJbjpEogNGBV","action":"Initial GetUpdates", "result":"", "context":Reason: NEWLY_SUPPORTED_DATATYPE. cV=Cg3bSmSZzdqJbjpEogNGBV}
{"logTime": "0703/042440", "correlationVector":"Cg3bSmSZzdqJbjpEogNGBV.1","action":"SyncServerConnectionManagerRequest", "result":"SYNC_SERVER_OK", "context":{"environment":"Prod_southindia_prod-s01-004-apac-southindia", "migrationStage":"NotStarted", "server":"akswtt10600000b"}}
{"logTime": "0703/042440", "correlationVector":"Cg3bSmSZzdqJbjpEogNGBV.2","action":"ProcessGetUpdates", "result":"Done", "context":{"dataType":"History", "deleted":"0", "process_failed_to_decrypt":"0", "process_pending_decryption":"0", "process_success":"250", "total":"250"}}
{"logTime": "0703/042440", "correlationVector":"Cg3bSmSZzdqJbjpEogNGBV.3","action":"GetUpdates Response", "result":"Success", "context":Received 250 update(s). cV=Cg3bSmSZzdqJbjpEogNGBV.0;server=akswtt10600000b;cloudType=Consumer;environment=Prod_southindia_prod-s01-004-apac-southindia;migrationStage=NotStarted Some updates remain.}
{"logTime": "0703/042440", "correlationVector":"MRGgvU2GDIKwcHm1eoa98q","action":"Initial GetUpdates", "result":"", "context":Reason: NEWLY_SUPPORTED_DATATYPE. cV=MRGgvU2GDIKwcHm1eoa98q}
{"logTime": "0703/042443", "correlationVector":"MRGgvU2GDIKwcHm1eoa98q.1","action":"SyncServerConnectionManagerRequest", "result":"SYNC_SERVER_OK", "context":{"environment":"Prod_southindia_prod-s01-004-apac-southindia", "migrationStage":"NotStarted", "server":"akswtt106000006"}}
{"logTime": "0703/042443", "correlationVector":"MRGgvU2GDIKwcHm1eoa98q.2","action":"ProcessGetUpdates", "result":"Done", "context":{"dataType":"History", "deleted":"0", "process_failed_to_decrypt":"0", "process_pending_decryption":"0", "process_success":"250", "total":"250"}}
{"logTime": "0703/042443", "correlationVector":"MRGgvU2GDIKwcHm1eoa98q.3","action":"GetUpdates Response", "result":"Success", "context":Received 250 update(s). cV=MRGgvU2GDIKwcHm1eoa98q.0;server=akswtt106000006;cloudType=Consumer;environment=Prod_southindia_prod-s01-004-apac-southindia;migrationStage=NotStarted Some updates remain.}
{"logTime": "0703/042443", "correlationVector":"GitC3udM4gqnc+32DTi4Ui","action":"Initial GetUpdates", "result":"", "context":Reason: NEWLY_SUPPORTED_DATATYPE. cV=GitC3udM4gqnc+32DTi4Ui}
{"logTime": "0703/042445", "correlationVector":"GitC3udM4gqnc+32DTi4Ui.1","action":"SyncServerConnectionManagerRequest", "result":"SYNC_SERVER_OK", "context":{"environment":"Prod_southindia_prod-s01-004-apac-southindia", "migrationStage":"NotStarted", "server":"akswtt10600000t"}}
{"logTime": "0703/042445", "correlationVector":"GitC3udM4gqnc+32DTi4Ui.2","action":"ProcessGetUpdates", "result":"Done", "context":{"dataType":"History", "deleted":"0", "process_failed_to_decrypt":"0", "process_pending_decryption":"0", "process_success":"250", "total":"250"}}
{"logTime": "0703/042445", "correlationVector":"GitC3udM4gqnc+32DTi4Ui.3","action":"GetUpdates Response", "result":"Success", "context":Received 250 update(s). cV=GitC3udM4gqnc+32DTi4Ui.0;server=akswtt10600000t;cloudType=Consumer;environment=Prod_southindia_prod-s01-004-apac-southindia;migrationStage=NotStarted Some updates remain.}
{"logTime": "0703/042445", "correlationVector":"LjmbKt2T0uRU5b28QNhyUI","action":"Initial GetUpdates", "result":"", "context":Reason: NEWLY_SUPPORTED_DATATYPE. cV=LjmbKt2T0uRU5b28QNhyUI}
{"logTime": "0703/042446", "correlationVector":"LjmbKt2T0uRU5b28QNhyUI.1","action":"SyncServerConnectionManagerRequest", "result":"SYNC_SERVER_OK", "context":{"environment":"Prod_southindia_prod-s01-004-apac-southindia", "migrationStage":"NotStarted", "server":"akswtt10600001i"}}
{"logTime": "0703/042446", "correlationVector":"LjmbKt2T0uRU5b28QNhyUI.2","action":"ProcessGetUpdates", "result":"Done", "context":{"dataType":"History", "deleted":"0", "process_failed_to_decrypt":"0", "process_pending_decryption":"0", "process_success":"250", "total":"250"}}
{"logTime": "0703/042446", "correlationVector":"LjmbKt2T0uRU5b28QNhyUI.3","action":"GetUpdates Response", "result":"Success", "context":Received 250 update(s). cV=LjmbKt2T0uRU5b28QNhyUI.0;server=akswtt10600001i;cloudType=Consumer;environment=Prod_southindia_prod-s01-004-apac-southindia;migrationStage=NotStarted Some updates remain.}
{"logTime": "0703/042446", "correlationVector":"/2/uxuj31zt2iZtrd/dmBB","action":"Initial GetUpdates", "result":"", "context":Reason: NEWLY_SUPPORTED_DATATYPE. cV=/2/uxuj31zt2iZtrd/dmBB}
{"logTime": "0703/042448", "correlationVector":"/2/uxuj31zt2iZtrd/dmBB.1","action":"SyncServerConnectionManagerRequest", "result":"SYNC_SERVER_OK", "context":{"environment":"Prod_southindia_prod-s01-004-apac-southindia", "migrationStage":"NotStarted", "server":"akswtt10600000v"}}
{"logTime": "0703/042448", "correlationVector":"/2/uxuj31zt2iZtrd/dmBB.2","action":"ProcessGetUpdates", "result":"Done", "context":{"dataType":"History", "deleted":"0", "process_failed_to_decrypt":"0", "process_pending_decryption":"0", "process_success":"250", "total":"250"}}
{"logTime": "0703/042448", "correlationVector":"/2/uxuj31zt2iZtrd/dmBB.3","action":"GetUpdates Response", "result":"Success", "context":Received 250 update(s). cV=/2/uxuj31zt2iZtrd/dmBB.0;server=akswtt10600000v;cloudType=Consumer;environment=Prod_southindia_prod-s01-004-apac-southindia;migrationStage=NotStarted Some updates remain.}
{"logTime": "0703/042448", "correlationVector":"Ov7iOHp+ZKGeu3M8DcMBd2","action":"Initial GetUpdates", "result":"", "context":Reason: NEWLY_SUPPORTED_DATATYPE. cV=Ov7iOHp+ZKGeu3M8DcMBd2}
{"logTime": "0703/042449", "correlationVector":"Ov7iOHp+ZKGeu3M8DcMBd2.1","action":"SyncServerConnectionManagerRequest", "result":"SYNC_SERVER_OK", "context":{"environment":"Prod_southindia_prod-s01-004-apac-southindia", "migrationStage":"NotStarted", "server":"akswtt106000018"}}
{"logTime": "0703/042449", "correlationVector":"Ov7iOHp+ZKGeu3M8DcMBd2.2","action":"ProcessGetUpdates", "result":"Done", "context":{"dataType":"History", "deleted":"0", "process_failed_to_decrypt":"0", "process_pending_decryption":"0", "process_success":"6", "total":"6"}}
{"logTime": "0703/042449", "correlationVector":"Ov7iOHp+ZKGeu3M8DcMBd2.3","action":"GetUpdates Response", "result":"Success", "context":Received 6 update(s). cV=Ov7iOHp+ZKGeu3M8DcMBd2.0;server=akswtt106000018;cloudType=Consumer;environment=Prod_southindia_prod-s01-004-apac-southindia;migrationStage=NotStarted}
{"logTime": "0703/042449", "correlationVector":"6Pl0tZ7bRJtAavFe57hSsy","action":"Normal GetUpdate request", "result":"", "context":cV=6Pl0tZ7bRJtAavFe57hSsy
Nudged types: Sessions, Device Info, User Consents, History
Refresh requested types: Bookmarks, Preferences, Passwords, Autofill Profiles, Autofill, Extensions, Sessions, Extension settings, History Delete Directives, Device Info, User Consents, Send Tab To Self, Web Apps, History, Saved Tab Group, WebAuthn Credentials, Edge E Drop, Edge Hub App Usage, Edge Wallet, Edge Workspace, Encryption Keys}
{"logTime": "0703/042451", "correlationVector":"6Pl0tZ7bRJtAavFe57hSsy.1","action":"SyncServerConnectionManagerRequest", "result":"SYNC_SERVER_OK", "context":{"environment":"Prod_southindia_prod-s01-004-apac-southindia", "migrationStage":"NotStarted", "server":"akswtt10600001d"}}
{"logTime": "0703/042451", "correlationVector":"6Pl0tZ7bRJtAavFe57hSsy.2","action":"ProcessGetUpdates", "result":"Done", "context":{"dataType":"Preferences", "deleted":"0", "process_failed_to_decrypt":"0", "process_pending_decryption":"0", "process_success":"2", "total":"2"}}
{"logTime": "0703/042451", "correlationVector":"6Pl0tZ7bRJtAavFe57hSsy.3","action":"ProcessGetUpdates", "result":"Done", "context":{"dataType":"Sessions", "deleted":"1", "process_failed_to_decrypt":"0", "process_pending_decryption":"0", "process_success":"3", "total":"3"}}
{"logTime": "0703/042451", "correlationVector":"6Pl0tZ7bRJtAavFe57hSsy.4","action":"ProcessGetUpdates", "result":"Done", "context":{"dataType":"Device Info", "deleted":"0", "process_failed_to_decrypt":"0", "process_pending_decryption":"0", "process_success":"1", "total":"1"}}
{"logTime": "0703/042451", "correlationVector":"6Pl0tZ7bRJtAavFe57hSsy.5","action":"GetUpdates Response", "result":"Success", "context":Received 6 update(s). cV=6Pl0tZ7bRJtAavFe57hSsy.0;server=akswtt10600001d;cloudType=Consumer;environment=Prod_southindia_prod-s01-004-apac-southindia;migrationStage=NotStarted}
{"logTime": "0703/042451", "correlationVector":"2N0CEjI8+7FdPgqOTFae4e","action":"Commit Request", "result":"", "context":Item count: 5
Contributing types: Sessions, Device Info, User Consents, History}
{"logTime": "0703/042456", "correlationVector":"2N0CEjI8+7FdPgqOTFae4e.1","action":"SyncServerConnectionManagerRequest", "result":"SYNC_SERVER_OK", "context":{"environment":"Prod_southindia_prod-s01-004-apac-southindia", "migrationStage":"NotStarted", "server":"akswtt10600001m"}}
{"logTime": "0703/042456", "correlationVector":"2N0CEjI8+7FdPgqOTFae4e.2","action":"Commit Response", "result":"Success", "context":Result: Success. cV=2N0CEjI8+7FdPgqOTFae4e.0;server=akswtt10600001m;cloudType=Consumer;environment=Prod_southindia_prod-s01-004-apac-southindia;migrationStage=NotStarted}
{"logTime": "0703/043108", "correlationVector":"AIDZaOoQ6tLA6+KEOkOel+.1","action":"SyncServerConnectionManagerRequest", "result":"SYNC_SERVER_OK", "context":{"environment":"Prod_southindia_prod-s01-004-apac-southindia", "migrationStage":"NotStarted", "server":"akswtt106000014"}}
{"logTime": "0703/043108", "correlationVector":"AIDZaOoQ6tLA6+KEOkOel+.2","action":"ProcessGetUpdates", "result":"Done", "context":{"dataType":"Encryption Keys", "deleted":"0", "process_failed_to_decrypt":"0", "process_pending_decryption":"0", "process_success":"1", "total":"1"}}
{"logTime": "0703/043108", "correlationVector":"kr6Q3VXue3C2BgH7z1vdJL","action":"SyncServerConnectionManagerRequest", "result":"SYNC_SERVER_OK", "context":{"environment":"", "migrationStage":"", "server":""}}
{"logTime": "0703/043108", "correlationVector":"kr6Q3VXue3C2BgH7z1vdJL.0","action":"EncryptionKeysFetcher.DownloadKeys:", "result":"Success", "context":Key count: 2, Last key timestamp: 2026-04-12T10:52:20Z}
{"logTime": "0703/043108", "correlationVector":"kr6Q3VXue3C2BgH7z1vdJL.1","action":"EncryptionKeysManager::SetEncryptionKeys:", "result":"Success", "context":Key names[2]:[a/5Qb4Ditq/qYH4Oa1EFPpifXv4YSn4mmnbjCjtPmn2Kch5uyUh79nxWFoKzVDhvPk3hxM7qobn+Lf0Dkb5kmA==][xYeym5jIZcJDxmfvAxQ3gL2rz3EG4767NFlYAbG5hOE1N9na4i92/G55RCKxS18tpV/AI+k7Nt7p2XQj/lY1Iw==]}
{"logTime": "0703/043108", "correlationVector":"kr6Q3VXue3C2BgH7z1vdJL.2","action":"EncryptionKeysManager::SetEncryptionKeysWithTimestamps:", "result":"Success", "context":Key timestamps[2]:[2026-01-04T03:05:11Z][2026-04-12T10:52:20Z]}
{"logTime": "0703/043108", "correlationVector":"AIDZaOoQ6tLA6+KEOkOel+","action":"Initial GetUpdates", "result":"", "context":Reason: NEW_CLIENT. cV=AIDZaOoQ6tLA6+KEOkOel+}
{"logTime": "0703/043108", "correlationVector":"AIDZaOoQ6tLA6+KEOkOel+.3","action":"GetUpdates Response", "result":"Success", "context":Received 1 update(s). cV=AIDZaOoQ6tLA6+KEOkOel+.0;server=akswtt106000014;cloudType=Consumer;environment=Prod_southindia_prod-s01-004-apac-southindia;migrationStage=NotStarted}
{"logTime": "0703/043109", "correlationVector":"+HQeB8ob4P+IzTjLftfq6B","action":"Normal GetUpdate request", "result":"", "context":cV=+HQeB8ob4P+IzTjLftfq6B
Nudged types: Sessions, History
Refresh requested types: Bookmarks, Preferences, Passwords, Autofill Profiles, Autofill, Extensions, Sessions, Extension settings, History Delete Directives, Device Info, User Consents, Send Tab To Self, Web Apps, History, Saved Tab Group, WebAuthn Credentials, Edge E Drop, Edge Hub App Usage, Edge Wallet, Edge Workspace, Encryption Keys}
{"logTime": "0703/043110", "correlationVector":"+HQeB8ob4P+IzTjLftfq6B.1","action":"SyncServerConnectionManagerRequest", "result":"SYNC_SERVER_OK", "context":{"environment":"Prod_southindia_prod-s01-004-apac-southindia", "migrationStage":"NotStarted", "server":"akswtt106000000"}}
{"logTime": "0703/043110", "correlationVector":"+HQeB8ob4P+IzTjLftfq6B.2","action":"ProcessGetUpdates", "result":"Done", "context":{"dataType":"Sessions", "deleted":"0", "process_failed_to_decrypt":"0", "process_pending_decryption":"0", "process_success":"2", "total":"2"}}
{"logTime": "0703/043110", "correlationVector":"+HQeB8ob4P+IzTjLftfq6B.3","action":"ProcessGetUpdates", "result":"Done", "context":{"dataType":"Device Info", "deleted":"0", "process_failed_to_decrypt":"0", "process_pending_decryption":"0", "process_success":"1", "total":"1"}}
{"logTime": "0703/043110", "correlationVector":"+HQeB8ob4P+IzTjLftfq6B.4","action":"ProcessGetUpdates", "result":"Done", "context":{"dataType":"History", "deleted":"0", "process_failed_to_decrypt":"0", "process_pending_decryption":"0", "process_success":"1", "total":"1"}}
{"logTime": "0703/043110", "correlationVector":"+HQeB8ob4P+IzTjLftfq6B.5","action":"GetUpdates Response", "result":"Success", "context":Received 4 update(s). cV=+HQeB8ob4P+IzTjLftfq6B.0;server=akswtt106000000;cloudType=Consumer;environment=Prod_southindia_prod-s01-004-apac-southindia;migrationStage=NotStarted}
{"logTime": "0703/043110", "correlationVector":"dd7IroQaUd43eWnvsFm8R+","action":"Commit Request", "result":"", "context":Item count: 5
Contributing types: Sessions, History}
{"logTime": "0703/043113", "correlationVector":"dd7IroQaUd43eWnvsFm8R+.1","action":"SyncServerConnectionManagerRequest", "result":"SYNC_SERVER_OK", "context":{"environment":"Prod_southeastasia_prod-s01-064-apac-southeastasia", "migrationStage":"NotStarted", "server":"akswtt00200000z"}}
{"logTime": "0703/043113", "correlationVector":"dd7IroQaUd43eWnvsFm8R+.3","action":"Commit.Sessions", "result":"Success", "context":{"id":"eb85f40f-b22c-4766-8096-ee360fac741f", "isDeleted":"true", "size":"0", "version":"1783052692446"}}
{"logTime": "0703/043113", "correlationVector":"dd7IroQaUd43eWnvsFm8R+.2","action":"Commit Response", "result":"Success", "context":Result: Success. cV=dd7IroQaUd43eWnvsFm8R+.0;server=akswtt00200000z;cloudType=Consumer;environment=Prod_southeastasia_prod-s01-064-apac-southeastasia;migrationStage=NotStarted}
