2026-07-03 04:24:28.991: [INFO][Sync] Reset engine, reason: 8
2026-07-03 04:24:28.991: [INFO][Sync] Stopped: Bookmarks
2026-07-03 04:24:28.991: [INFO][Sync] Stopped: Preferences
2026-07-03 04:24:28.991: [INFO][Sync] Stopped: Passwords
2026-07-03 04:24:28.991: [INFO][Sync] Stopped: Autofill Profiles
2026-07-03 04:24:28.991: [INFO][Sync] Stopped: Autofill
2026-07-03 04:24:28.991: [INFO][Sync] Stopped: Extensions
2026-07-03 04:24:28.991: [INFO][Sync] Stopped: Sessions
2026-07-03 04:24:28.991: [INFO][Sync] Stopped: Extension settings
2026-07-03 04:24:28.991: [INFO][Sync] Stopped: History Delete Directives
2026-07-03 04:24:28.991: [INFO][Sync] Stopped: Device Info
2026-07-03 04:24:28.991: [INFO][Sync] Stopped: User Consents
2026-07-03 04:24:28.991: [INFO][Sync] Stopped: Send Tab To Self
2026-07-03 04:24:28.991: [INFO][Sync] Stopped: Web Apps
2026-07-03 04:24:28.991: [INFO][Sync] Stopped: History
2026-07-03 04:24:28.991: [INFO][Sync] Stopped: Saved Tab Group
2026-07-03 04:24:28.991: [INFO][Sync] Stopped: WebAuthn Credentials
2026-07-03 04:24:28.991: [INFO][Sync] Stopped: Edge E Drop
2026-07-03 04:24:28.991: [INFO][Sync] Stopped: Edge Hub App Usage
2026-07-03 04:24:28.991: [INFO][Sync] Stopped: Edge Journey
2026-07-03 04:24:28.991: [INFO][Sync] Stopped: Edge Wallet
2026-07-03 04:24:28.991: [INFO][Sync] Stopped: Edge Workspace
2026-07-03 04:24:28.991: [INFO][Sync] SyncState after authenticated was: NotSignedIn
2026-07-03 04:24:29.318: [INFO][Sync] Reset engine, reason: 8
2026-07-03 04:24:29.318: [INFO][Sync] Stopped: Bookmarks
2026-07-03 04:24:29.318: [INFO][Sync] Stopped: Preferences
2026-07-03 04:24:29.318: [INFO][Sync] Stopped: Passwords
2026-07-03 04:24:29.318: [INFO][Sync] Stopped: Autofill Profiles
2026-07-03 04:24:29.318: [INFO][Sync] Stopped: Autofill
2026-07-03 04:24:29.318: [INFO][Sync] Stopped: Extensions
2026-07-03 04:24:29.318: [INFO][Sync] Stopped: Sessions
2026-07-03 04:24:29.318: [INFO][Sync] Stopped: Extension settings
2026-07-03 04:24:29.318: [INFO][Sync] Stopped: History Delete Directives
2026-07-03 04:24:29.318: [INFO][Sync] Stopped: Device Info
2026-07-03 04:24:29.318: [INFO][Sync] Stopped: User Consents
2026-07-03 04:24:29.318: [INFO][Sync] Stopped: Send Tab To Self
2026-07-03 04:24:29.318: [INFO][Sync] Stopped: Web Apps
2026-07-03 04:24:29.318: [INFO][Sync] Stopped: History
2026-07-03 04:24:29.318: [INFO][Sync] Stopped: Saved Tab Group
2026-07-03 04:24:29.318: [INFO][Sync] Stopped: WebAuthn Credentials
2026-07-03 04:24:29.318: [INFO][Sync] Stopped: Edge E Drop
2026-07-03 04:24:29.318: [INFO][Sync] Stopped: Edge Hub App Usage
2026-07-03 04:24:29.318: [INFO][Sync] Stopped: Edge Journey
2026-07-03 04:24:29.318: [INFO][Sync] Stopped: Edge Wallet
2026-07-03 04:24:29.318: [INFO][Sync] Stopped: Edge Workspace
2026-07-03 04:24:31.921: [INFO][Sync] Try to start sync engine
2026-07-03 04:24:31.927: [INFO][SyncManagerImpl::NudgeForInitialDownload] Initial download nudge for Encryption Keys
2026-07-03 04:24:31.927: [INFO][SyncEngineBackend::LoadAndConnectNigoriController] Load and connect Nigori controller
2026-07-03 04:24:31.927: [INFO][SyncEngineBackend::DoInitialize] Control Types added: Encryption Keys
2026-07-03 04:24:31.927: [INFO][SyncManagerImpl::ConfigureSyncer] Types to download: Encryption Keys with reason: 3
2026-07-03 04:24:31.927: [INFO][SyncSchedulerImpl::DoConfigurationSyncCycleJob] Configure job was blocked
2026-07-03 04:24:31.979: [INFO][SyncAuthManager::SetLastAuthError] Current auth error: None
2026-07-03 04:24:31.979: [INFO][SyncAuthManager::EdgeLogTokenErrorState] Token error with: None for account type: MSA
2026-07-03 04:24:31.979: [INFO][Sync] Credentials changed for: EdgeSyncScopeNew
2026-07-03 04:24:32.770: [INFO][SyncAuthManager::SetLastAuthError] Current auth error: None
2026-07-03 04:24:32.770: [INFO][SyncAuthManager::EdgeLogTokenErrorState] Token error with: None for account type: MSA
2026-07-03 04:24:32.770: [INFO][Sync] Credentials changed for: EdgeSyncKeyDataScope
2026-07-03 04:24:32.770: [INFO][SyncEngineBackend::DoUpdateKeyDataCredentials] Update key data credentials
2026-07-03 04:24:32.770: [INFO][SyncEngineBackend::DoUpdateCredentials] Update credentials
2026-07-03 04:24:32.770: [INFO][SyncSchedulerImpl::DoConfigurationSyncCycleJob] Blocked types:  and types to download: Encryption Keys
2026-07-03 04:24:33.925: [INFO][Sync] Started DataTypeManager configuration, reason: 4
2026-07-03 04:24:33.926: [INFO][Sync] Configuring for: Bookmarks, Preferences, Passwords, Autofill Profiles, Autofill, Extensions, Sessions, Extension settings, History Delete Directives, Device Info, User Consents, Send Tab To Self, Web Apps, History, Saved Tab Group, WebAuthn Credentials, Edge E Drop, Edge Hub App Usage, Edge Wallet, Edge Workspace, Encryption Keys, reason: 3, current state: 0
2026-07-03 04:24:33.926: [WARN][Sync] Crypto error data types: Passwords, Autofill Profiles, Autofill
2026-07-03 04:24:33.931: [INFO][Sync] Configure, desired: Bookmarks, Preferences, Extensions, Sessions, Extension settings, History Delete Directives, Device Info, User Consents, Send Tab To Self, Web Apps, History, Saved Tab Group, WebAuthn Credentials, Edge E Drop, Edge Hub App Usage, Edge Wallet, Edge Workspace, Encryption Keys; Allow fail: Passwords, Autofill Profiles, Autofill
2026-07-03 04:24:33.931: [INFO][Sync] Loading: Bookmarks
2026-07-03 04:24:33.931: [INFO][Sync] Loading: Preferences
2026-07-03 04:24:33.931: [INFO][Sync] Loading: Extensions
2026-07-03 04:24:33.931: [INFO][Sync] Loading: Sessions
2026-07-03 04:24:33.931: [INFO][Sync] Loading: Extension settings
2026-07-03 04:24:33.931: [INFO][Sync] Loading: History Delete Directives
2026-07-03 04:24:33.931: [INFO][Sync] Loading: Device Info
2026-07-03 04:24:33.932: [INFO][Sync] Loading: User Consents
2026-07-03 04:24:33.932: [INFO][Sync] Loading: Send Tab To Self
2026-07-03 04:24:33.932: [INFO][Sync] Loading: Web Apps
2026-07-03 04:24:33.932: [INFO][Sync] Loading: History
2026-07-03 04:24:33.932: [INFO][Sync] Loading: Saved Tab Group
2026-07-03 04:24:33.932: [INFO][Sync] Loading: WebAuthn Credentials
2026-07-03 04:24:33.932: [INFO][Sync] Loading: Edge E Drop
2026-07-03 04:24:33.932: [INFO][Sync] Loading: Edge Hub App Usage
2026-07-03 04:24:33.932: [INFO][Sync] Loading: Edge Wallet
2026-07-03 04:24:33.932: [INFO][Sync] Loading: Edge Workspace
2026-07-03 04:24:33.948: [INFO][Sync] All data types are ready for configure.
2026-07-03 04:24:35.026: [INFO][SyncEngineBackend::DoStartConfiguration] Start configuration
2026-07-03 04:24:35.026: [INFO][SyncManagerImpl::NudgeForInitialDownload] Initial download nudge for Bookmarks
2026-07-03 04:24:35.026: [INFO][SyncManagerImpl::NudgeForInitialDownload] Initial download nudge for Preferences
2026-07-03 04:24:35.026: [INFO][SyncManagerImpl::NudgeForInitialDownload] Initial download nudge for Extensions
2026-07-03 04:24:35.026: [INFO][SyncManagerImpl::NudgeForInitialDownload] Initial download nudge for Sessions
2026-07-03 04:24:35.026: [INFO][SyncManagerImpl::NudgeForInitialDownload] Initial download nudge for Extension settings
2026-07-03 04:24:35.026: [INFO][SyncManagerImpl::NudgeForInitialDownload] Initial download nudge for History Delete Directives
2026-07-03 04:24:35.026: [INFO][SyncManagerImpl::NudgeForInitialDownload] Initial download nudge for Device Info
2026-07-03 04:24:35.026: [INFO][SyncManagerImpl::NudgeForInitialDownload] Initial download nudge for Send Tab To Self
2026-07-03 04:24:35.026: [INFO][SyncManagerImpl::NudgeForInitialDownload] Initial download nudge for Web Apps
2026-07-03 04:24:35.026: [INFO][SyncManagerImpl::NudgeForInitialDownload] Initial download nudge for History
2026-07-03 04:24:35.026: [INFO][SyncManagerImpl::NudgeForInitialDownload] Initial download nudge for Saved Tab Group
2026-07-03 04:24:35.026: [INFO][SyncManagerImpl::NudgeForInitialDownload] Initial download nudge for WebAuthn Credentials
2026-07-03 04:24:35.026: [INFO][SyncManagerImpl::NudgeForInitialDownload] Initial download nudge for Edge E Drop
2026-07-03 04:24:35.026: [INFO][SyncManagerImpl::NudgeForInitialDownload] Initial download nudge for Edge Hub App Usage
2026-07-03 04:24:35.026: [INFO][SyncManagerImpl::NudgeForInitialDownload] Initial download nudge for Edge Wallet
2026-07-03 04:24:35.026: [INFO][SyncManagerImpl::NudgeForInitialDownload] Initial download nudge for Edge Workspace
2026-07-03 04:24:35.026: [INFO][SyncManagerImpl::ConfigureSyncer] Types to download:  with reason: 3
2026-07-03 04:24:35.026: [INFO][SyncEngineBackend::DoFinishConfigureDataTypes] Failed to download types:  and succeeded types: 
2026-07-03 04:24:35.028: [INFO][Sync] Started DataTypeManager configuration, reason: 5
2026-07-03 04:24:35.028: [INFO][Sync] Configuring for: Bookmarks, Preferences, Passwords, Autofill Profiles, Autofill, Extensions, Sessions, Extension settings, History Delete Directives, Device Info, User Consents, Send Tab To Self, Web Apps, History, Saved Tab Group, WebAuthn Credentials, Edge E Drop, Edge Hub App Usage, Edge Wallet, Edge Workspace, Encryption Keys, reason: 5, current state: 1
2026-07-03 04:24:35.034: [INFO][Sync] ConfigurationDone, failed: , succeeded: , remaining count: 4
2026-07-03 04:24:35.034: [WARN][Sync]     Reconfigure requested while configuration ongoing.
2026-07-03 04:24:35.034: [INFO][Sync] Configuring for: Bookmarks, Preferences, Passwords, Autofill Profiles, Autofill, Extensions, Sessions, Extension settings, History Delete Directives, Device Info, User Consents, Send Tab To Self, Web Apps, History, Saved Tab Group, WebAuthn Credentials, Edge E Drop, Edge Hub App Usage, Edge Wallet, Edge Workspace, Encryption Keys, reason: 5, current state: 2
2026-07-03 04:24:35.034: [INFO][Sync] Configure, desired: Bookmarks, Preferences, Passwords, Autofill Profiles, Autofill, Extensions, Sessions, Extension settings, History Delete Directives, Device Info, User Consents, Send Tab To Self, Web Apps, History, Saved Tab Group, WebAuthn Credentials, Edge E Drop, Edge Hub App Usage, Edge Wallet, Edge Workspace, Encryption Keys; Allow fail: 
2026-07-03 04:24:35.034: [INFO][Sync] Loading: Passwords
2026-07-03 04:24:35.034: [INFO][Sync] Loading: Autofill Profiles
2026-07-03 04:24:35.034: [INFO][Sync] Loading: Autofill
2026-07-03 04:24:35.034: [INFO][Sync] All data types are ready for configure.
2026-07-03 04:24:35.034: [INFO][SyncManagerImpl::NudgeForInitialDownload] Initial download nudge for Passwords
2026-07-03 04:24:35.034: [INFO][SyncManagerImpl::NudgeForInitialDownload] Initial download nudge for Autofill Profiles
2026-07-03 04:24:35.034: [INFO][SyncManagerImpl::NudgeForInitialDownload] Initial download nudge for Autofill
2026-07-03 04:24:35.034: [INFO][SyncManagerImpl::ConfigureSyncer] Types to download:  with reason: 5
2026-07-03 04:24:35.034: [INFO][SyncEngineBackend::DoFinishConfigureDataTypes] Failed to download types:  and succeeded types: 
2026-07-03 04:24:35.043: [INFO][Sync] ConfigurationDone, failed: , succeeded: , remaining count: 4
2026-07-03 04:24:35.043: [INFO][Sync] Prepare to configure types: Preferences, Passwords, Device Info, Send Tab To Self, Edge E Drop, Encryption Keys
2026-07-03 04:24:35.043: [INFO][SyncManagerImpl::ConfigureSyncer] Types to download: Preferences, Passwords, Device Info, Send Tab To Self, Edge E Drop, Encryption Keys with reason: 5
2026-07-03 04:24:35.043: [INFO][SyncSchedulerImpl::DoConfigurationSyncCycleJob] Blocked types:  and types to download: Preferences, Passwords, Device Info, Send Tab To Self, Edge E Drop, Encryption Keys
2026-07-03 04:24:35.714: [INFO][SyncEngineBackend::DoFinishConfigureDataTypes] Failed to download types:  and succeeded types: Preferences, Passwords, Device Info, Send Tab To Self, Edge E Drop, Encryption Keys
2026-07-03 04:24:35.723: [INFO][Sync] ConfigurationDone, failed: , succeeded: Preferences, Passwords, Device Info, Send Tab To Self, Edge E Drop, Encryption Keys, remaining count: 3
2026-07-03 04:24:35.723: [INFO][Sync] Prepare to configure types: Bookmarks, Encryption Keys
2026-07-03 04:24:35.723: [INFO][SyncManagerImpl::ConfigureSyncer] Types to download: Bookmarks, Encryption Keys with reason: 5
2026-07-03 04:24:35.723: [INFO][SyncSchedulerImpl::DoConfigurationSyncCycleJob] Blocked types:  and types to download: Bookmarks, Encryption Keys
2026-07-03 04:24:36.444: [INFO][SyncEngineBackend::DoFinishConfigureDataTypes] Failed to download types:  and succeeded types: Bookmarks, Encryption Keys
2026-07-03 04:24:36.450: [INFO][Sync] ConfigurationDone, failed: , succeeded: Bookmarks, Encryption Keys, remaining count: 2
2026-07-03 04:24:36.450: [INFO][Sync] Prepare to configure types: Autofill Profiles, Autofill, Extensions, Sessions, Extension settings, History Delete Directives, Web Apps, Saved Tab Group, WebAuthn Credentials, Edge Hub App Usage, Edge Wallet, Edge Workspace, Encryption Keys
2026-07-03 04:24:36.450: [INFO][SyncManagerImpl::ConfigureSyncer] Types to download: Autofill Profiles, Autofill, Extensions, Sessions, Extension settings, History Delete Directives, Web Apps, Saved Tab Group, WebAuthn Credentials, Edge Hub App Usage, Edge Wallet, Edge Workspace, Encryption Keys with reason: 5
2026-07-03 04:24:36.450: [INFO][SyncSchedulerImpl::DoConfigurationSyncCycleJob] Blocked types:  and types to download: Autofill Profiles, Autofill, Extensions, Sessions, Extension settings, History Delete Directives, Web Apps, Saved Tab Group, WebAuthn Credentials, Edge Hub App Usage, Edge Wallet, Edge Workspace, Encryption Keys
2026-07-03 04:24:39.615: [INFO][SyncEngineBackend::DoFinishConfigureDataTypes] Failed to download types:  and succeeded types: Autofill Profiles, Autofill, Extensions, Sessions, Extension settings, History Delete Directives, Web Apps, Saved Tab Group, WebAuthn Credentials, Edge Hub App Usage, Edge Wallet, Edge Workspace, Encryption Keys
2026-07-03 04:24:39.620: [INFO][Sync] ConfigurationDone, failed: , succeeded: Autofill Profiles, Autofill, Extensions, Sessions, Extension settings, History Delete Directives, Web Apps, Saved Tab Group, WebAuthn Credentials, Edge Hub App Usage, Edge Wallet, Edge Workspace, Encryption Keys, remaining count: 1
2026-07-03 04:24:39.624: [INFO][Sync] Prepare to configure types: History, Encryption Keys
2026-07-03 04:24:39.624: [INFO][SyncManagerImpl::ConfigureSyncer] Types to download: History, Encryption Keys with reason: 5
2026-07-03 04:24:39.624: [INFO][SyncSchedulerImpl::DoConfigurationSyncCycleJob] Blocked types:  and types to download: History, Encryption Keys
2026-07-03 04:24:49.458: [INFO][SyncEngineBackend::DoFinishConfigureDataTypes] Failed to download types:  and succeeded types: History, Encryption Keys
2026-07-03 04:24:49.462: [INFO][Sync] ConfigurationDone, failed: , succeeded: History, Encryption Keys, remaining count: 0
2026-07-03 04:24:49.466: [INFO][Sync]     Configuration completed, state: 7
2026-07-03 04:24:49.466: [INFO][Sync] Configured DataTypeManager: Ok
2026-07-03 04:24:49.469: [INFO][SyncEngineBackend::DoStartSyncing] Start syncing
2026-07-03 04:26:59.740: [INFO][Sync] Reset engine, reason: 0
2026-07-03 04:26:59.740: [INFO][Sync] Reset engine with reason: 0
2026-07-03 04:30:55.563: [INFO][Sync] SyncState after authenticated was: FeatureCanStart
2026-07-03 04:30:57.308: [INFO][SyncAuthManager::SetLastAuthError] Current auth error: None
2026-07-03 04:30:57.308: [INFO][SyncAuthManager::EdgeLogTokenErrorState] Token error with: None for account type: MSA
2026-07-03 04:30:57.308: [INFO][Sync] Credentials changed for: EdgeSyncKeyDataScope
2026-07-03 04:31:04.318: [INFO][Sync] Try to start sync engine
2026-07-03 04:31:04.321: [INFO][SyncManagerImpl::NudgeForInitialDownload] Initial download nudge for Encryption Keys
2026-07-03 04:31:04.321: [INFO][SyncEngineBackend::LoadAndConnectNigoriController] Load and connect Nigori controller
2026-07-03 04:31:04.321: [INFO][SyncEngineBackend::DoInitialize] Control Types added: Encryption Keys
2026-07-03 04:31:04.321: [INFO][SyncManagerImpl::ConfigureSyncer] Types to download: Encryption Keys with reason: 3
2026-07-03 04:31:04.321: [INFO][SyncEngineBackend::DoUpdateKeyDataCredentials] Update key data credentials
2026-07-03 04:31:04.321: [INFO][SyncSchedulerImpl::DoConfigurationSyncCycleJob] Configure job was blocked
2026-07-03 04:31:04.326: [INFO][SyncAuthManager::SetLastAuthError] Current auth error: None
2026-07-03 04:31:04.326: [INFO][SyncAuthManager::EdgeLogTokenErrorState] Token error with: None for account type: MSA
2026-07-03 04:31:04.326: [INFO][Sync] Credentials changed for: EdgeSyncScopeNew
2026-07-03 04:31:04.327: [INFO][SyncEngineBackend::DoUpdateCredentials] Update credentials
2026-07-03 04:31:04.327: [INFO][SyncSchedulerImpl::DoConfigurationSyncCycleJob] Blocked types:  and types to download: Encryption Keys
2026-07-03 04:31:08.117: [INFO][SyncEngineBackend::DoUpdateKeyDataCredentials] Update key data credentials
2026-07-03 04:31:08.129: [INFO][Sync] Started DataTypeManager configuration, reason: 4
2026-07-03 04:31:08.129: [INFO][Sync] Configuring for: Bookmarks, Preferences, Passwords, Autofill Profiles, Autofill, Extensions, Sessions, Extension settings, History Delete Directives, Device Info, User Consents, Send Tab To Self, Web Apps, History, Saved Tab Group, WebAuthn Credentials, Edge E Drop, Edge Hub App Usage, Edge Wallet, Edge Workspace, Encryption Keys, reason: 4, current state: 0
2026-07-03 04:31:08.129: [WARN][Sync] Crypto error data types: Passwords, Autofill Profiles, Autofill
2026-07-03 04:31:08.133: [INFO][Sync] Configure, desired: Bookmarks, Preferences, Extensions, Sessions, Extension settings, History Delete Directives, Device Info, User Consents, Send Tab To Self, Web Apps, History, Saved Tab Group, WebAuthn Credentials, Edge E Drop, Edge Hub App Usage, Edge Wallet, Edge Workspace, Encryption Keys; Allow fail: Passwords, Autofill Profiles, Autofill
2026-07-03 04:31:08.133: [INFO][Sync] Loading: Bookmarks
2026-07-03 04:31:08.133: [INFO][Sync] Loading: Preferences
2026-07-03 04:31:08.133: [INFO][Sync] Loading: Extensions
2026-07-03 04:31:08.133: [INFO][Sync] Loading: Sessions
2026-07-03 04:31:08.133: [INFO][Sync] Loading: Extension settings
2026-07-03 04:31:08.133: [INFO][Sync] Loading: History Delete Directives
2026-07-03 04:31:08.133: [INFO][Sync] Loading: Device Info
2026-07-03 04:31:08.133: [INFO][Sync] Loading: User Consents
2026-07-03 04:31:08.133: [INFO][Sync] Loading: Send Tab To Self
2026-07-03 04:31:08.133: [INFO][Sync] Loading: Web Apps
2026-07-03 04:31:08.133: [INFO][Sync] Loading: History
2026-07-03 04:31:08.133: [INFO][Sync] Loading: Saved Tab Group
2026-07-03 04:31:08.133: [INFO][Sync] Loading: WebAuthn Credentials
2026-07-03 04:31:08.133: [INFO][Sync] Loading: Edge E Drop
2026-07-03 04:31:08.133: [INFO][Sync] Loading: Edge Hub App Usage
2026-07-03 04:31:08.133: [INFO][Sync] Loading: Edge Wallet
2026-07-03 04:31:08.133: [INFO][Sync] Loading: Edge Workspace
2026-07-03 04:31:08.144: [INFO][Sync] All data types are ready for configure.
2026-07-03 04:31:08.988: [INFO][SyncEngineBackend::DoStartConfiguration] Start configuration
2026-07-03 04:31:08.989: [INFO][SyncManagerImpl::ConfigureSyncer] Types to download:  with reason: 4
2026-07-03 04:31:08.989: [INFO][SyncEngineBackend::DoFinishConfigureDataTypes] Failed to download types:  and succeeded types: 
2026-07-03 04:31:08.992: [INFO][Sync] Started DataTypeManager configuration, reason: 5
2026-07-03 04:31:08.992: [INFO][Sync] Configuring for: Bookmarks, Preferences, Passwords, Autofill Profiles, Autofill, Extensions, Sessions, Extension settings, History Delete Directives, Device Info, User Consents, Send Tab To Self, Web Apps, History, Saved Tab Group, WebAuthn Credentials, Edge E Drop, Edge Hub App Usage, Edge Wallet, Edge Workspace, Encryption Keys, reason: 5, current state: 1
2026-07-03 04:31:08.996: [INFO][Sync] ConfigurationDone, failed: , succeeded: , remaining count: 4
2026-07-03 04:31:08.996: [WARN][Sync]     Reconfigure requested while configuration ongoing.
2026-07-03 04:31:08.996: [INFO][Sync] Configuring for: Bookmarks, Preferences, Passwords, Autofill Profiles, Autofill, Extensions, Sessions, Extension settings, History Delete Directives, Device Info, User Consents, Send Tab To Self, Web Apps, History, Saved Tab Group, WebAuthn Credentials, Edge E Drop, Edge Hub App Usage, Edge Wallet, Edge Workspace, Encryption Keys, reason: 5, current state: 2
2026-07-03 04:31:08.996: [INFO][Sync] Configure, desired: Bookmarks, Preferences, Passwords, Autofill Profiles, Autofill, Extensions, Sessions, Extension settings, History Delete Directives, Device Info, User Consents, Send Tab To Self, Web Apps, History, Saved Tab Group, WebAuthn Credentials, Edge E Drop, Edge Hub App Usage, Edge Wallet, Edge Workspace, Encryption Keys; Allow fail: 
2026-07-03 04:31:08.996: [INFO][Sync] Loading: Passwords
2026-07-03 04:31:08.996: [INFO][Sync] Loading: Autofill Profiles
2026-07-03 04:31:08.996: [INFO][Sync] Loading: Autofill
2026-07-03 04:31:08.997: [INFO][Sync] All data types are ready for configure.
2026-07-03 04:31:08.998: [INFO][SyncManagerImpl::ConfigureSyncer] Types to download:  with reason: 5
2026-07-03 04:31:08.998: [INFO][SyncEngineBackend::DoFinishConfigureDataTypes] Failed to download types:  and succeeded types: 
2026-07-03 04:31:09.002: [INFO][Sync] ConfigurationDone, failed: , succeeded: , remaining count: 4
2026-07-03 04:31:09.002: [INFO][SyncManagerImpl::ConfigureSyncer] Types to download:  with reason: 5
2026-07-03 04:31:09.002: [INFO][SyncEngineBackend::DoFinishConfigureDataTypes] Failed to download types:  and succeeded types: 
2026-07-03 04:31:09.002: [INFO][Sync] ConfigurationDone, failed: , succeeded: , remaining count: 3
2026-07-03 04:31:09.002: [INFO][SyncManagerImpl::ConfigureSyncer] Types to download:  with reason: 5
2026-07-03 04:31:09.002: [INFO][SyncEngineBackend::DoFinishConfigureDataTypes] Failed to download types:  and succeeded types: 
2026-07-03 04:31:09.002: [INFO][Sync] ConfigurationDone, failed: , succeeded: , remaining count: 2
2026-07-03 04:31:09.002: [INFO][SyncManagerImpl::ConfigureSyncer] Types to download:  with reason: 5
2026-07-03 04:31:09.002: [INFO][SyncEngineBackend::DoFinishConfigureDataTypes] Failed to download types:  and succeeded types: 
2026-07-03 04:31:09.002: [INFO][Sync] ConfigurationDone, failed: , succeeded: , remaining count: 1
2026-07-03 04:31:09.007: [INFO][SyncManagerImpl::ConfigureSyncer] Types to download:  with reason: 5
2026-07-03 04:31:09.007: [INFO][SyncEngineBackend::DoFinishConfigureDataTypes] Failed to download types:  and succeeded types: 
2026-07-03 04:31:09.007: [INFO][Sync] ConfigurationDone, failed: , succeeded: , remaining count: 0
2026-07-03 04:31:09.011: [INFO][Sync]     Configuration completed, state: 7
2026-07-03 04:31:09.011: [INFO][Sync] Configured DataTypeManager: Ok
2026-07-03 04:31:09.016: [INFO][SyncEngineBackend::DoStartSyncing] Start syncing
2026-07-03 04:31:46.929: [INFO][Sync] Reset engine, reason: 0
2026-07-03 04:31:46.929: [INFO][Sync] Reset engine with reason: 0
